#
# There is insufficient memory for the Java Runtime Environment to continue.
# Native memory allocation (mmap) failed to map 65536 bytes for Failed to commit metaspace.
# Possible reasons:
#   The system is out of physical RAM or swap space
#   The process is running with CompressedOops enabled, and the Java Heap may be blocking the growth of the native heap
# Possible solutions:
#   Reduce memory load on the system
#   Increase physical memory or swap space
#   Check if swap backing store is full
#   Decrease Java heap size (-Xmx/-Xms)
#   Decrease number of Java threads
#   Decrease Java thread stack sizes (-Xss)
#   Set larger code cache with -XX:ReservedCodeCacheSize=
#   JVM is running with Zero Based Compressed Oops mode in which the Java heap is
#     placed in the first 32GB address space. The Java Heap base address is the
#     maximum limit for the native heap growth. Please use -XX:HeapBaseMinAddress
#     to set the Java Heap base and to place the Java Heap above 32GB virtual address.
# This output file may be truncated or incomplete.
#
#  Out of Memory Error (virtualSpaceNode.cpp:110), pid=988, tid=12788
#
# JRE version: Java(TM) SE Runtime Environment (17.0.9+11) (build 17.0.9+11-LTS-201)
# Java VM: Java HotSpot(TM) 64-Bit Server VM (17.0.9+11-LTS-201, mixed mode, emulated-client, sharing, tiered, compressed oops, compressed class ptrs, g1 gc, windows-amd64)
# No core dump will be written. Minidumps are not enabled by default on client versions of Windows
#

---------------  S U M M A R Y ------------

Command Line: -XX:TieredStopAtLevel=1 uit.ensak.dishwishbackend.DishWishBackendApplication

Host: Intel(R) Core(TM) i7-1065G7 CPU @ 1.30GHz, 8 cores, 15G,  Windows 10 , 64 bit Build 19041 (10.0.19041.3636)
Time: Thu Dec 21 21:19:42 2023 Morocco Daylight Time elapsed time: 1.823530 seconds (0d 0h 0m 1s)

---------------  T H R E A D  ---------------

Current thread (0x000001cd952cb0f0):  JavaThread "main" [_thread_in_vm, id=12788, stack(0x0000002a4b500000,0x0000002a4b600000)]

Stack: [0x0000002a4b500000,0x0000002a4b600000]
Native frames: (J=compiled Java code, j=interpreted, Vv=VM code, C=native code)
V  [jvm.dll+0x678a4a]
V  [jvm.dll+0x7d9cfd]
V  [jvm.dll+0x7db60e]
V  [jvm.dll+0x7dbc73]
V  [jvm.dll+0x245e1f]
V  [jvm.dll+0x7d5a0b]
V  [jvm.dll+0x61ebc6]
V  [jvm.dll+0x1c01f7]
V  [jvm.dll+0x621530]
V  [jvm.dll+0x61f586]
V  [jvm.dll+0x23b871]
V  [jvm.dll+0x1ea6f7]
V  [jvm.dll+0x1e0391]
V  [jvm.dll+0x53eaec]
V  [jvm.dll+0x754538]
V  [jvm.dll+0x754624]
V  [jvm.dll+0x40c73f]
V  [jvm.dll+0x412759]
C  [java.dll+0x17ec]

Java frames: (J=compiled Java code, j=interpreted, Vv=VM code)
J 781  java.lang.ClassLoader.defineClass1(Ljava/lang/ClassLoader;Ljava/lang/String;[BIILjava/security/ProtectionDomain;Ljava/lang/String;)Ljava/lang/Class; java.base@17.0.9 (0 bytes) @ 0x000001cd9cec04e3 [0x000001cd9cec0420+0x00000000000000c3]
J 886 c1 java.lang.ClassLoader.defineClass(Ljava/lang/String;[BIILjava/security/ProtectionDomain;)Ljava/lang/Class; java.base@17.0.9 (43 bytes) @ 0x000001cd9cee656c [0x000001cd9cee6460+0x000000000000010c]
J 782 c1 jdk.internal.loader.BuiltinClassLoader.defineClass(Ljava/lang/String;Ljdk/internal/loader/Resource;)Ljava/lang/Class; java.base@17.0.9 (121 bytes) @ 0x000001cd9cec29f4 [0x000001cd9cec2520+0x00000000000004d4]
J 780 c1 jdk.internal.loader.BuiltinClassLoader.findClassOnClassPathOrNull(Ljava/lang/String;)Ljava/lang/Class; java.base@17.0.9 (64 bytes) @ 0x000001cd9cec0cc4 [0x000001cd9cec0a00+0x00000000000002c4]
J 505 c1 jdk.internal.loader.BuiltinClassLoader.loadClassOrNull(Ljava/lang/String;Z)Ljava/lang/Class; java.base@17.0.9 (143 bytes) @ 0x000001cd9ce44384 [0x000001cd9ce43f00+0x0000000000000484]
J 632 c1 jdk.internal.loader.ClassLoaders$AppClassLoader.loadClass(Ljava/lang/String;Z)Ljava/lang/Class; java.base@17.0.9 (40 bytes) @ 0x000001cd9ce8432c [0x000001cd9ce841e0+0x000000000000014c]
J 631 c1 java.lang.ClassLoader.loadClass(Ljava/lang/String;)Ljava/lang/Class; java.base@17.0.9 (7 bytes) @ 0x000001cd9ce83764 [0x000001cd9ce83720+0x0000000000000044]
v  ~StubRoutines::call_stub
J 857  java.lang.Class.forName0(Ljava/lang/String;ZLjava/lang/ClassLoader;Ljava/lang/Class;)Ljava/lang/Class; java.base@17.0.9 (0 bytes) @ 0x000001cd9cedc7af [0x000001cd9cedc720+0x000000000000008f]
J 867 c1 java.lang.Class.forName(Ljava/lang/String;ZLjava/lang/ClassLoader;)Ljava/lang/Class; java.base@17.0.9 (47 bytes) @ 0x000001cd9cedf5bc [0x000001cd9cedf4c0+0x00000000000000fc]
J 2079 c1 org.springframework.util.ClassUtils.forName(Ljava/lang/String;Ljava/lang/ClassLoader;)Ljava/lang/Class; (231 bytes) @ 0x000001cd9d149f9c [0x000001cd9d149d00+0x000000000000029c]
j  org.springframework.core.io.support.SpringFactoriesLoader.instantiateFactory(Ljava/lang/String;Ljava/lang/Class;Lorg/springframework/core/io/support/SpringFactoriesLoader$ArgumentResolver;Lorg/springframework/core/io/support/SpringFactoriesLoader$FailureHandler;)Ljava/lang/Object;+5
j  org.springframework.core.io.support.SpringFactoriesLoader.load(Ljava/lang/Class;Lorg/springframework/core/io/support/SpringFactoriesLoader$ArgumentResolver;Lorg/springframework/core/io/support/SpringFactoriesLoader$FailureHandler;)Ljava/util/List;+99
j  org.springframework.boot.diagnostics.FailureAnalyzers.loadFailureAnalyzers(Lorg/springframework/context/ConfigurableApplicationContext;Lorg/springframework/core/io/support/SpringFactoriesLoader;)Ljava/util/List;+13
j  org.springframework.boot.diagnostics.FailureAnalyzers.<init>(Lorg/springframework/context/ConfigurableApplicationContext;Lorg/springframework/core/io/support/SpringFactoriesLoader;)V+15
j  org.springframework.boot.diagnostics.FailureAnalyzers.<init>(Lorg/springframework/context/ConfigurableApplicationContext;)V+19
v  ~StubRoutines::call_stub
J 1692  jdk.internal.reflect.NativeConstructorAccessorImpl.newInstance0(Ljava/lang/reflect/Constructor;[Ljava/lang/Object;)Ljava/lang/Object; java.base@17.0.9 (0 bytes) @ 0x000001cd9d0a190e [0x000001cd9d0a18a0+0x000000000000006e]
J 1691 c1 jdk.internal.reflect.NativeConstructorAccessorImpl.newInstance([Ljava/lang/Object;)Ljava/lang/Object; java.base@17.0.9 (122 bytes) @ 0x000001cd9d0a20ec [0x000001cd9d0a1e00+0x00000000000002ec]
J 1680 c1 jdk.internal.reflect.DelegatingConstructorAccessorImpl.newInstance([Ljava/lang/Object;)Ljava/lang/Object; java.base@17.0.9 (9 bytes) @ 0x000001cd9d09d5e4 [0x000001cd9d09d5a0+0x0000000000000044]
J 1675 c1 java.lang.reflect.Constructor.newInstanceWithCaller([Ljava/lang/Object;ZLjava/lang/Class;)Ljava/lang/Object; java.base@17.0.9 (75 bytes) @ 0x000001cd9d09c8b4 [0x000001cd9d09c7e0+0x00000000000000d4]
J 1683 c1 java.lang.reflect.Constructor.newInstance([Ljava/lang/Object;)Ljava/lang/Object; java.base@17.0.9 (34 bytes) @ 0x000001cd9d09fecc [0x000001cd9d09fe40+0x000000000000008c]
j  org.springframework.core.io.support.SpringFactoriesLoader$FactoryInstantiator.instantiate(Lorg/springframework/core/io/support/SpringFactoriesLoader$ArgumentResolver;)Ljava/lang/Object;+33
j  org.springframework.core.io.support.SpringFactoriesLoader.instantiateFactory(Ljava/lang/String;Ljava/lang/Class;Lorg/springframework/core/io/support/SpringFactoriesLoader$ArgumentResolver;Lorg/springframework/core/io/support/SpringFactoriesLoader$FailureHandler;)Ljava/lang/Object;+36
j  org.springframework.core.io.support.SpringFactoriesLoader.load(Ljava/lang/Class;Lorg/springframework/core/io/support/SpringFactoriesLoader$ArgumentResolver;Lorg/springframework/core/io/support/SpringFactoriesLoader$FailureHandler;)Ljava/util/List;+99
j  org.springframework.core.io.support.SpringFactoriesLoader.load(Ljava/lang/Class;Lorg/springframework/core/io/support/SpringFactoriesLoader$ArgumentResolver;)Ljava/util/List;+4
j  org.springframework.boot.SpringApplication.getSpringFactoriesInstances(Ljava/lang/Class;Lorg/springframework/core/io/support/SpringFactoriesLoader$ArgumentResolver;)Ljava/util/List;+9
j  org.springframework.boot.SpringApplication.getExceptionReporters(Lorg/springframework/context/ConfigurableApplicationContext;)Ljava/util/Collection;+12
j  org.springframework.boot.SpringApplication.handleRunFailure(Lorg/springframework/context/ConfigurableApplicationContext;Ljava/lang/Throwable;Lorg/springframework/boot/SpringApplicationRunListeners;)V+19
j  org.springframework.boot.SpringApplication.run([Ljava/lang/String;)Lorg/springframework/context/ConfigurableApplicationContext;+202
j  org.springframework.boot.SpringApplication.run([Ljava/lang/Class;[Ljava/lang/String;)Lorg/springframework/context/ConfigurableApplicationContext;+9
j  org.springframework.boot.SpringApplication.run(Ljava/lang/Class;[Ljava/lang/String;)Lorg/springframework/context/ConfigurableApplicationContext;+9
j  uit.ensak.dishwishbackend.DishWishBackendApplication.main([Ljava/lang/String;)V+3
v  ~StubRoutines::call_stub

---------------  P R O C E S S  ---------------

Threads class SMR info:
_java_thread_list=0x000001cdf1e84900, length=14, elements={
0x000001cd952cb0f0, 0x000001cdabcfdab0, 0x000001cdabcfe670, 0x000001cdabd141c0,
0x000001cdabd14d80, 0x000001cdabd17750, 0x000001cdabd1a120, 0x000001cdabd1e090,
0x000001cdabd26aa0, 0x000001cdf1118880, 0x000001cdf111ce60, 0x000001cdf11365b0,
0x000001cdf1136ed0, 0x000001cdf1a7a1f0
}

Java Threads: ( => current thread )
=>0x000001cd952cb0f0 JavaThread "main" [_thread_in_vm, id=12788, stack(0x0000002a4b500000,0x0000002a4b600000)]
  0x000001cdabcfdab0 JavaThread "Reference Handler" daemon [_thread_blocked, id=15080, stack(0x0000002a4bc00000,0x0000002a4bd00000)]
  0x000001cdabcfe670 JavaThread "Finalizer" daemon [_thread_blocked, id=5236, stack(0x0000002a4bd00000,0x0000002a4be00000)]
  0x000001cdabd141c0 JavaThread "Signal Dispatcher" daemon [_thread_blocked, id=4288, stack(0x0000002a4be00000,0x0000002a4bf00000)]
  0x000001cdabd14d80 JavaThread "Attach Listener" daemon [_thread_blocked, id=6624, stack(0x0000002a4bf00000,0x0000002a4c000000)]
  0x000001cdabd17750 JavaThread "Service Thread" daemon [_thread_blocked, id=17784, stack(0x0000002a4c000000,0x0000002a4c100000)]
  0x000001cdabd1a120 JavaThread "Monitor Deflation Thread" daemon [_thread_blocked, id=10784, stack(0x0000002a4c100000,0x0000002a4c200000)]
  0x000001cdabd1e090 JavaThread "C1 CompilerThread0" daemon [_thread_blocked, id=18080, stack(0x0000002a4c200000,0x0000002a4c300000)]
  0x000001cdabd26aa0 JavaThread "Sweeper thread" daemon [_thread_blocked, id=10512, stack(0x0000002a4c300000,0x0000002a4c400000)]
  0x000001cdf1118880 JavaThread "C1 CompilerThread1" daemon [_thread_blocked, id=14372, stack(0x0000002a4c400000,0x0000002a4c500000)]
  0x000001cdf111ce60 JavaThread "C1 CompilerThread2" daemon [_thread_blocked, id=3720, stack(0x0000002a4c500000,0x0000002a4c600000)]
  0x000001cdf11365b0 JavaThread "Notification Thread" daemon [_thread_blocked, id=17960, stack(0x0000002a4c600000,0x0000002a4c700000)]
  0x000001cdf1136ed0 JavaThread "Common-Cleaner" daemon [_thread_blocked, id=13900, stack(0x0000002a4c800000,0x0000002a4c900000)]
  0x000001cdf1a7a1f0 JavaThread "C1 CompilerThread3" daemon [_thread_blocked, id=10588, stack(0x0000002a4cf00000,0x0000002a4d000000)]

Other Threads:
  0x000001cdabcf9000 VMThread "VM Thread" [stack: 0x0000002a4bb00000,0x0000002a4bc00000] [id=14280]
  0x000001cdf1136a90 WatcherThread [stack: 0x0000002a4c700000,0x0000002a4c800000] [id=808]
  0x000001cd95335c10 GCTaskThread "GC Thread#0" [stack: 0x0000002a4b600000,0x0000002a4b700000] [id=16488]
  0x000001cdf1868f40 GCTaskThread "GC Thread#1" [stack: 0x0000002a4c900000,0x0000002a4ca00000] [id=17280]
  0x000001cdf1898420 GCTaskThread "GC Thread#2" [stack: 0x0000002a4ca00000,0x0000002a4cb00000] [id=10432]
  0x000001cdf18986e0 GCTaskThread "GC Thread#3" [stack: 0x0000002a4cb00000,0x0000002a4cc00000] [id=17004]
  0x000001cdf18989a0 GCTaskThread "GC Thread#4" [stack: 0x0000002a4cc00000,0x0000002a4cd00000] [id=13012]
  0x000001cdf1899070 GCTaskThread "GC Thread#5" [stack: 0x0000002a4cd00000,0x0000002a4ce00000] [id=9800]
  0x000001cdf1b1afe0 GCTaskThread "GC Thread#6" [stack: 0x0000002a4d000000,0x0000002a4d100000] [id=15972]
  0x000001cdf1b1cad0 GCTaskThread "GC Thread#7" [stack: 0x0000002a4d100000,0x0000002a4d200000] [id=7700]
  0x000001cd95346770 ConcurrentGCThread "G1 Main Marker" [stack: 0x0000002a4b700000,0x0000002a4b800000] [id=13340]
  0x000001cd95348930 ConcurrentGCThread "G1 Conc#0" [stack: 0x0000002a4b800000,0x0000002a4b900000] [id=3132]
  0x000001cdabbb40e0 ConcurrentGCThread "G1 Refine#0" [stack: 0x0000002a4b900000,0x0000002a4ba00000] [id=9788]
  0x000001cdabbb4b10 ConcurrentGCThread "G1 Service" [stack: 0x0000002a4ba00000,0x0000002a4bb00000] [id=1488]

Threads with active compile tasks:

VM state: not at safepoint (normal execution)

VM Mutex/Monitor currently owned by a thread:  ([mutex/lock_event])
[0x000001cd952c4cf0] Metaspace_lock - owner thread: 0x000001cd952cb0f0

OutOfMemory and StackOverflow Exception counts:
OutOfMemoryError java_heap_errors=1
LinkageErrors=56

Heap address: 0x0000000704000000, size: 4032 MB, Compressed Oops mode: Zero based, Oop shift amount: 3

CDS archive(s) mapped at: [0x000001cdac000000-0x000001cdacbd0000-0x000001cdacbd0000), size 12386304, SharedBaseAddress: 0x000001cdac000000, ArchiveRelocationMode: 1.
Compressed class space mapped at: 0x000001cdad000000-0x000001cded000000, reserved size: 1073741824
Narrow klass base: 0x000001cdac000000, Narrow klass shift: 0, Narrow klass range: 0x100000000

GC Precious Log:
 CPUs: 8 total, 8 available
 Memory: 16121M
 Large Page Support: Disabled
 NUMA Support: Disabled
 Compressed Oops: Enabled (Zero based)
 Heap Region Size: 2M
 Heap Min Capacity: 8M
 Heap Initial Capacity: 252M
 Heap Max Capacity: 4032M
 Pre-touch: Disabled
 Parallel Workers: 8
 Concurrent Workers: 2
 Concurrent Refinement Workers: 8
 Periodic GC: Disabled

Heap:
 garbage-first heap   total 258048K, used 22519K [0x0000000704000000, 0x0000000800000000)
  region size 2048K, 9 young (18432K), 3 survivors (6144K)
 Metaspace       used 17700K, committed 17984K, reserved 1114112K
  class space    used 2416K, committed 2560K, reserved 1048576K

Heap Regions: E=young(eden), S=young(survivor), O=old, HS=humongous(starts), HC=humongous(continues), CS=collection set, F=free, OA=open archive, CA=closed archive, TAMS=top-at-mark-start (previous, next)
|   0|0x0000000704000000, 0x0000000704200000, 0x0000000704200000|100%| O|  |TAMS 0x0000000704000000, 0x0000000704000000| Untracked 
|   1|0x0000000704200000, 0x0000000704400000, 0x0000000704400000|100%| O|  |TAMS 0x0000000704200000, 0x0000000704200000| Untracked 
|   2|0x0000000704400000, 0x0000000704600000, 0x0000000704600000|100%| O|  |TAMS 0x0000000704400000, 0x0000000704400000| Untracked 
|   3|0x0000000704600000, 0x00000007046fd800, 0x0000000704800000| 49%| O|  |TAMS 0x0000000704600000, 0x0000000704600000| Untracked 
|   4|0x0000000704800000, 0x0000000704800000, 0x0000000704a00000|  0%| F|  |TAMS 0x0000000704800000, 0x0000000704800000| Untracked 
|   5|0x0000000704a00000, 0x0000000704a00000, 0x0000000704c00000|  0%| F|  |TAMS 0x0000000704a00000, 0x0000000704a00000| Untracked 
|   6|0x0000000704c00000, 0x0000000704c00000, 0x0000000704e00000|  0%| F|  |TAMS 0x0000000704c00000, 0x0000000704c00000| Untracked 
|   7|0x0000000704e00000, 0x0000000704e00000, 0x0000000705000000|  0%| F|  |TAMS 0x0000000704e00000, 0x0000000704e00000| Untracked 
|   8|0x0000000705000000, 0x0000000705000000, 0x0000000705200000|  0%| F|  |TAMS 0x0000000705000000, 0x0000000705000000| Untracked 
|   9|0x0000000705200000, 0x0000000705200000, 0x0000000705400000|  0%| F|  |TAMS 0x0000000705200000, 0x0000000705200000| Untracked 
|  10|0x0000000705400000, 0x0000000705400000, 0x0000000705600000|  0%| F|  |TAMS 0x0000000705400000, 0x0000000705400000| Untracked 
|  11|0x0000000705600000, 0x0000000705600000, 0x0000000705800000|  0%| F|  |TAMS 0x0000000705600000, 0x0000000705600000| Untracked 
|  12|0x0000000705800000, 0x0000000705800000, 0x0000000705a00000|  0%| F|  |TAMS 0x0000000705800000, 0x0000000705800000| Untracked 
|  13|0x0000000705a00000, 0x0000000705a00000, 0x0000000705c00000|  0%| F|  |TAMS 0x0000000705a00000, 0x0000000705a00000| Untracked 
|  14|0x0000000705c00000, 0x0000000705c00000, 0x0000000705e00000|  0%| F|  |TAMS 0x0000000705c00000, 0x0000000705c00000| Untracked 
|  15|0x0000000705e00000, 0x0000000705e00000, 0x0000000706000000|  0%| F|  |TAMS 0x0000000705e00000, 0x0000000705e00000| Untracked 
|  16|0x0000000706000000, 0x0000000706000000, 0x0000000706200000|  0%| F|  |TAMS 0x0000000706000000, 0x0000000706000000| Untracked 
|  17|0x0000000706200000, 0x0000000706200000, 0x0000000706400000|  0%| F|  |TAMS 0x0000000706200000, 0x0000000706200000| Untracked 
|  18|0x0000000706400000, 0x0000000706400000, 0x0000000706600000|  0%| F|  |TAMS 0x0000000706400000, 0x0000000706400000| Untracked 
|  19|0x0000000706600000, 0x0000000706600000, 0x0000000706800000|  0%| F|  |TAMS 0x0000000706600000, 0x0000000706600000| Untracked 
|  20|0x0000000706800000, 0x0000000706800000, 0x0000000706a00000|  0%| F|  |TAMS 0x0000000706800000, 0x0000000706800000| Untracked 
|  21|0x0000000706a00000, 0x0000000706a00000, 0x0000000706c00000|  0%| F|  |TAMS 0x0000000706a00000, 0x0000000706a00000| Untracked 
|  22|0x0000000706c00000, 0x0000000706c00000, 0x0000000706e00000|  0%| F|  |TAMS 0x0000000706c00000, 0x0000000706c00000| Untracked 
|  23|0x0000000706e00000, 0x0000000706e00000, 0x0000000707000000|  0%| F|  |TAMS 0x0000000706e00000, 0x0000000706e00000| Untracked 
|  24|0x0000000707000000, 0x0000000707000000, 0x0000000707200000|  0%| F|  |TAMS 0x0000000707000000, 0x0000000707000000| Untracked 
|  25|0x0000000707200000, 0x0000000707200000, 0x0000000707400000|  0%| F|  |TAMS 0x0000000707200000, 0x0000000707200000| Untracked 
|  26|0x0000000707400000, 0x0000000707400000, 0x0000000707600000|  0%| F|  |TAMS 0x0000000707400000, 0x0000000707400000| Untracked 
|  27|0x0000000707600000, 0x0000000707600000, 0x0000000707800000|  0%| F|  |TAMS 0x0000000707600000, 0x0000000707600000| Untracked 
|  28|0x0000000707800000, 0x0000000707800000, 0x0000000707a00000|  0%| F|  |TAMS 0x0000000707800000, 0x0000000707800000| Untracked 
|  29|0x0000000707a00000, 0x0000000707a00000, 0x0000000707c00000|  0%| F|  |TAMS 0x0000000707a00000, 0x0000000707a00000| Untracked 
|  30|0x0000000707c00000, 0x0000000707c00000, 0x0000000707e00000|  0%| F|  |TAMS 0x0000000707c00000, 0x0000000707c00000| Untracked 
|  31|0x0000000707e00000, 0x0000000707e00000, 0x0000000708000000|  0%| F|  |TAMS 0x0000000707e00000, 0x0000000707e00000| Untracked 
|  32|0x0000000708000000, 0x0000000708000000, 0x0000000708200000|  0%| F|  |TAMS 0x0000000708000000, 0x0000000708000000| Untracked 
|  33|0x0000000708200000, 0x0000000708200000, 0x0000000708400000|  0%| F|  |TAMS 0x0000000708200000, 0x0000000708200000| Untracked 
|  34|0x0000000708400000, 0x0000000708400000, 0x0000000708600000|  0%| F|  |TAMS 0x0000000708400000, 0x0000000708400000| Untracked 
|  35|0x0000000708600000, 0x0000000708600000, 0x0000000708800000|  0%| F|  |TAMS 0x0000000708600000, 0x0000000708600000| Untracked 
|  36|0x0000000708800000, 0x0000000708800000, 0x0000000708a00000|  0%| F|  |TAMS 0x0000000708800000, 0x0000000708800000| Untracked 
|  37|0x0000000708a00000, 0x0000000708a00000, 0x0000000708c00000|  0%| F|  |TAMS 0x0000000708a00000, 0x0000000708a00000| Untracked 
|  38|0x0000000708c00000, 0x0000000708c00000, 0x0000000708e00000|  0%| F|  |TAMS 0x0000000708c00000, 0x0000000708c00000| Untracked 
|  39|0x0000000708e00000, 0x0000000708e00000, 0x0000000709000000|  0%| F|  |TAMS 0x0000000708e00000, 0x0000000708e00000| Untracked 
|  40|0x0000000709000000, 0x0000000709000000, 0x0000000709200000|  0%| F|  |TAMS 0x0000000709000000, 0x0000000709000000| Untracked 
|  41|0x0000000709200000, 0x0000000709200000, 0x0000000709400000|  0%| F|  |TAMS 0x0000000709200000, 0x0000000709200000| Untracked 
|  42|0x0000000709400000, 0x0000000709400000, 0x0000000709600000|  0%| F|  |TAMS 0x0000000709400000, 0x0000000709400000| Untracked 
|  43|0x0000000709600000, 0x0000000709600000, 0x0000000709800000|  0%| F|  |TAMS 0x0000000709600000, 0x0000000709600000| Untracked 
|  44|0x0000000709800000, 0x0000000709800000, 0x0000000709a00000|  0%| F|  |TAMS 0x0000000709800000, 0x0000000709800000| Untracked 
|  45|0x0000000709a00000, 0x0000000709a00000, 0x0000000709c00000|  0%| F|  |TAMS 0x0000000709a00000, 0x0000000709a00000| Untracked 
|  46|0x0000000709c00000, 0x0000000709c00000, 0x0000000709e00000|  0%| F|  |TAMS 0x0000000709c00000, 0x0000000709c00000| Untracked 
|  47|0x0000000709e00000, 0x0000000709e00000, 0x000000070a000000|  0%| F|  |TAMS 0x0000000709e00000, 0x0000000709e00000| Untracked 
|  48|0x000000070a000000, 0x000000070a000000, 0x000000070a200000|  0%| F|  |TAMS 0x000000070a000000, 0x000000070a000000| Untracked 
|  49|0x000000070a200000, 0x000000070a200000, 0x000000070a400000|  0%| F|  |TAMS 0x000000070a200000, 0x000000070a200000| Untracked 
|  50|0x000000070a400000, 0x000000070a400000, 0x000000070a600000|  0%| F|  |TAMS 0x000000070a400000, 0x000000070a400000| Untracked 
|  51|0x000000070a600000, 0x000000070a600000, 0x000000070a800000|  0%| F|  |TAMS 0x000000070a600000, 0x000000070a600000| Untracked 
|  52|0x000000070a800000, 0x000000070a800000, 0x000000070aa00000|  0%| F|  |TAMS 0x000000070a800000, 0x000000070a800000| Untracked 
|  53|0x000000070aa00000, 0x000000070aa00000, 0x000000070ac00000|  0%| F|  |TAMS 0x000000070aa00000, 0x000000070aa00000| Untracked 
|  54|0x000000070ac00000, 0x000000070ac00000, 0x000000070ae00000|  0%| F|  |TAMS 0x000000070ac00000, 0x000000070ac00000| Untracked 
|  55|0x000000070ae00000, 0x000000070ae00000, 0x000000070b000000|  0%| F|  |TAMS 0x000000070ae00000, 0x000000070ae00000| Untracked 
|  56|0x000000070b000000, 0x000000070b000000, 0x000000070b200000|  0%| F|  |TAMS 0x000000070b000000, 0x000000070b000000| Untracked 
|  57|0x000000070b200000, 0x000000070b200000, 0x000000070b400000|  0%| F|  |TAMS 0x000000070b200000, 0x000000070b200000| Untracked 
|  58|0x000000070b400000, 0x000000070b400000, 0x000000070b600000|  0%| F|  |TAMS 0x000000070b400000, 0x000000070b400000| Untracked 
|  59|0x000000070b600000, 0x000000070b600000, 0x000000070b800000|  0%| F|  |TAMS 0x000000070b600000, 0x000000070b600000| Untracked 
|  60|0x000000070b800000, 0x000000070b800000, 0x000000070ba00000|  0%| F|  |TAMS 0x000000070b800000, 0x000000070b800000| Untracked 
|  61|0x000000070ba00000, 0x000000070ba00000, 0x000000070bc00000|  0%| F|  |TAMS 0x000000070ba00000, 0x000000070ba00000| Untracked 
|  62|0x000000070bc00000, 0x000000070bc00000, 0x000000070be00000|  0%| F|  |TAMS 0x000000070bc00000, 0x000000070bc00000| Untracked 
|  63|0x000000070be00000, 0x000000070be00000, 0x000000070c000000|  0%| F|  |TAMS 0x000000070be00000, 0x000000070be00000| Untracked 
|  64|0x000000070c000000, 0x000000070c000000, 0x000000070c200000|  0%| F|  |TAMS 0x000000070c000000, 0x000000070c000000| Untracked 
|  65|0x000000070c200000, 0x000000070c200000, 0x000000070c400000|  0%| F|  |TAMS 0x000000070c200000, 0x000000070c200000| Untracked 
|  66|0x000000070c400000, 0x000000070c400000, 0x000000070c600000|  0%| F|  |TAMS 0x000000070c400000, 0x000000070c400000| Untracked 
|  67|0x000000070c600000, 0x000000070c600000, 0x000000070c800000|  0%| F|  |TAMS 0x000000070c600000, 0x000000070c600000| Untracked 
|  68|0x000000070c800000, 0x000000070c800000, 0x000000070ca00000|  0%| F|  |TAMS 0x000000070c800000, 0x000000070c800000| Untracked 
|  69|0x000000070ca00000, 0x000000070ca00000, 0x000000070cc00000|  0%| F|  |TAMS 0x000000070ca00000, 0x000000070ca00000| Untracked 
|  70|0x000000070cc00000, 0x000000070cc00000, 0x000000070ce00000|  0%| F|  |TAMS 0x000000070cc00000, 0x000000070cc00000| Untracked 
|  71|0x000000070ce00000, 0x000000070ce00000, 0x000000070d000000|  0%| F|  |TAMS 0x000000070ce00000, 0x000000070ce00000| Untracked 
|  72|0x000000070d000000, 0x000000070d000000, 0x000000070d200000|  0%| F|  |TAMS 0x000000070d000000, 0x000000070d000000| Untracked 
|  73|0x000000070d200000, 0x000000070d200000, 0x000000070d400000|  0%| F|  |TAMS 0x000000070d200000, 0x000000070d200000| Untracked 
|  74|0x000000070d400000, 0x000000070d400000, 0x000000070d600000|  0%| F|  |TAMS 0x000000070d400000, 0x000000070d400000| Untracked 
|  75|0x000000070d600000, 0x000000070d600000, 0x000000070d800000|  0%| F|  |TAMS 0x000000070d600000, 0x000000070d600000| Untracked 
|  76|0x000000070d800000, 0x000000070d800000, 0x000000070da00000|  0%| F|  |TAMS 0x000000070d800000, 0x000000070d800000| Untracked 
|  77|0x000000070da00000, 0x000000070da00000, 0x000000070dc00000|  0%| F|  |TAMS 0x000000070da00000, 0x000000070da00000| Untracked 
|  78|0x000000070dc00000, 0x000000070dc00000, 0x000000070de00000|  0%| F|  |TAMS 0x000000070dc00000, 0x000000070dc00000| Untracked 
|  79|0x000000070de00000, 0x000000070de00000, 0x000000070e000000|  0%| F|  |TAMS 0x000000070de00000, 0x000000070de00000| Untracked 
|  80|0x000000070e000000, 0x000000070e000000, 0x000000070e200000|  0%| F|  |TAMS 0x000000070e000000, 0x000000070e000000| Untracked 
|  81|0x000000070e200000, 0x000000070e200000, 0x000000070e400000|  0%| F|  |TAMS 0x000000070e200000, 0x000000070e200000| Untracked 
|  82|0x000000070e400000, 0x000000070e400000, 0x000000070e600000|  0%| F|  |TAMS 0x000000070e400000, 0x000000070e400000| Untracked 
|  83|0x000000070e600000, 0x000000070e600000, 0x000000070e800000|  0%| F|  |TAMS 0x000000070e600000, 0x000000070e600000| Untracked 
|  84|0x000000070e800000, 0x000000070e800000, 0x000000070ea00000|  0%| F|  |TAMS 0x000000070e800000, 0x000000070e800000| Untracked 
|  85|0x000000070ea00000, 0x000000070ea00000, 0x000000070ec00000|  0%| F|  |TAMS 0x000000070ea00000, 0x000000070ea00000| Untracked 
|  86|0x000000070ec00000, 0x000000070ec00000, 0x000000070ee00000|  0%| F|  |TAMS 0x000000070ec00000, 0x000000070ec00000| Untracked 
|  87|0x000000070ee00000, 0x000000070ee00000, 0x000000070f000000|  0%| F|  |TAMS 0x000000070ee00000, 0x000000070ee00000| Untracked 
|  88|0x000000070f000000, 0x000000070f000000, 0x000000070f200000|  0%| F|  |TAMS 0x000000070f000000, 0x000000070f000000| Untracked 
|  89|0x000000070f200000, 0x000000070f200000, 0x000000070f400000|  0%| F|  |TAMS 0x000000070f200000, 0x000000070f200000| Untracked 
|  90|0x000000070f400000, 0x000000070f400000, 0x000000070f600000|  0%| F|  |TAMS 0x000000070f400000, 0x000000070f400000| Untracked 
|  91|0x000000070f600000, 0x000000070f600000, 0x000000070f800000|  0%| F|  |TAMS 0x000000070f600000, 0x000000070f600000| Untracked 
|  92|0x000000070f800000, 0x000000070f800000, 0x000000070fa00000|  0%| F|  |TAMS 0x000000070f800000, 0x000000070f800000| Untracked 
|  93|0x000000070fa00000, 0x000000070fa00000, 0x000000070fc00000|  0%| F|  |TAMS 0x000000070fa00000, 0x000000070fa00000| Untracked 
|  94|0x000000070fc00000, 0x000000070fc00000, 0x000000070fe00000|  0%| F|  |TAMS 0x000000070fc00000, 0x000000070fc00000| Untracked 
|  95|0x000000070fe00000, 0x000000070fe00000, 0x0000000710000000|  0%| F|  |TAMS 0x000000070fe00000, 0x000000070fe00000| Untracked 
|  96|0x0000000710000000, 0x0000000710000000, 0x0000000710200000|  0%| F|  |TAMS 0x0000000710000000, 0x0000000710000000| Untracked 
|  97|0x0000000710200000, 0x0000000710200000, 0x0000000710400000|  0%| F|  |TAMS 0x0000000710200000, 0x0000000710200000| Untracked 
|  98|0x0000000710400000, 0x0000000710400000, 0x0000000710600000|  0%| F|  |TAMS 0x0000000710400000, 0x0000000710400000| Untracked 
|  99|0x0000000710600000, 0x0000000710700760, 0x0000000710800000| 50%| S|CS|TAMS 0x0000000710600000, 0x0000000710600000| Complete 
| 100|0x0000000710800000, 0x0000000710a00000, 0x0000000710a00000|100%| S|CS|TAMS 0x0000000710800000, 0x0000000710800000| Complete 
| 101|0x0000000710a00000, 0x0000000710c00000, 0x0000000710c00000|100%| S|CS|TAMS 0x0000000710a00000, 0x0000000710a00000| Complete 
| 102|0x0000000710c00000, 0x0000000710c00000, 0x0000000710e00000|  0%| F|  |TAMS 0x0000000710c00000, 0x0000000710c00000| Untracked 
| 103|0x0000000710e00000, 0x0000000710e00000, 0x0000000711000000|  0%| F|  |TAMS 0x0000000710e00000, 0x0000000710e00000| Untracked 
| 104|0x0000000711000000, 0x0000000711000000, 0x0000000711200000|  0%| F|  |TAMS 0x0000000711000000, 0x0000000711000000| Untracked 
| 105|0x0000000711200000, 0x0000000711200000, 0x0000000711400000|  0%| F|  |TAMS 0x0000000711200000, 0x0000000711200000| Untracked 
| 106|0x0000000711400000, 0x0000000711400000, 0x0000000711600000|  0%| F|  |TAMS 0x0000000711400000, 0x0000000711400000| Untracked 
| 107|0x0000000711600000, 0x0000000711600000, 0x0000000711800000|  0%| F|  |TAMS 0x0000000711600000, 0x0000000711600000| Untracked 
| 108|0x0000000711800000, 0x0000000711800000, 0x0000000711a00000|  0%| F|  |TAMS 0x0000000711800000, 0x0000000711800000| Untracked 
| 109|0x0000000711a00000, 0x0000000711a00000, 0x0000000711c00000|  0%| F|  |TAMS 0x0000000711a00000, 0x0000000711a00000| Untracked 
| 110|0x0000000711c00000, 0x0000000711c00000, 0x0000000711e00000|  0%| F|  |TAMS 0x0000000711c00000, 0x0000000711c00000| Untracked 
| 111|0x0000000711e00000, 0x0000000711e00000, 0x0000000712000000|  0%| F|  |TAMS 0x0000000711e00000, 0x0000000711e00000| Untracked 
| 112|0x0000000712000000, 0x0000000712000000, 0x0000000712200000|  0%| F|  |TAMS 0x0000000712000000, 0x0000000712000000| Untracked 
| 113|0x0000000712200000, 0x0000000712200000, 0x0000000712400000|  0%| F|  |TAMS 0x0000000712200000, 0x0000000712200000| Untracked 
| 114|0x0000000712400000, 0x0000000712400000, 0x0000000712600000|  0%| F|  |TAMS 0x0000000712400000, 0x0000000712400000| Untracked 
| 115|0x0000000712600000, 0x0000000712600000, 0x0000000712800000|  0%| F|  |TAMS 0x0000000712600000, 0x0000000712600000| Untracked 
| 116|0x0000000712800000, 0x0000000712800000, 0x0000000712a00000|  0%| F|  |TAMS 0x0000000712800000, 0x0000000712800000| Untracked 
| 117|0x0000000712a00000, 0x0000000712a00000, 0x0000000712c00000|  0%| F|  |TAMS 0x0000000712a00000, 0x0000000712a00000| Untracked 
| 118|0x0000000712c00000, 0x0000000712c00000, 0x0000000712e00000|  0%| F|  |TAMS 0x0000000712c00000, 0x0000000712c00000| Untracked 
| 119|0x0000000712e00000, 0x0000000712e00000, 0x0000000713000000|  0%| F|  |TAMS 0x0000000712e00000, 0x0000000712e00000| Untracked 
| 120|0x0000000713000000, 0x0000000713102478, 0x0000000713200000| 50%| E|  |TAMS 0x0000000713000000, 0x0000000713000000| Complete 
| 121|0x0000000713200000, 0x0000000713400000, 0x0000000713400000|100%| E|CS|TAMS 0x0000000713200000, 0x0000000713200000| Complete 
| 122|0x0000000713400000, 0x0000000713600000, 0x0000000713600000|100%| E|CS|TAMS 0x0000000713400000, 0x0000000713400000| Complete 
| 123|0x0000000713600000, 0x0000000713800000, 0x0000000713800000|100%| E|CS|TAMS 0x0000000713600000, 0x0000000713600000| Complete 
| 124|0x0000000713800000, 0x0000000713a00000, 0x0000000713a00000|100%| E|CS|TAMS 0x0000000713800000, 0x0000000713800000| Complete 
| 125|0x0000000713a00000, 0x0000000713c00000, 0x0000000713c00000|100%| E|CS|TAMS 0x0000000713a00000, 0x0000000713a00000| Complete 

Card table byte_map: [0x000001cda0460000,0x000001cda0c40000] _byte_map_base: 0x000001cd9cc40000

Marking Bits (Prev, Next): (CMBitMap*) 0x000001cd95336240, (CMBitMap*) 0x000001cd95336280
 Prev Bits: [0x000001cda1420000, 0x000001cda5320000)
 Next Bits: [0x000001cda5320000, 0x000001cda9220000)

Polling page: 0x000001cd94aa0000

Metaspace:

Usage:
  Non-class:     14.92 MB used.
      Class:      2.36 MB used.
       Both:     17.29 MB used.

Virtual space:
  Non-class space:       64.00 MB reserved,      15.06 MB ( 24%) committed,  1 nodes.
      Class space:        1.00 GB reserved,       2.50 MB ( <1%) committed,  1 nodes.
             Both:        1.06 GB reserved,      17.56 MB (  2%) committed. 

Chunk freelists:
   Non-Class:  15.67 MB
       Class:  13.52 MB
        Both:  29.19 MB

MaxMetaspaceSize: unlimited
CompressedClassSpaceSize: 1.00 GB
Initial GC threshold: 21.00 MB
Current GC threshold: 21.00 MB
CDS: on
MetaspaceReclaimPolicy: balanced
 - commit_granule_bytes: 65536.
 - commit_granule_words: 8192.
 - virtual_space_node_default_size: 8388608.
 - enlarge_chunks_in_place: 1.
 - new_chunks_are_fully_committed: 0.
 - uncommit_free_chunks: 1.
 - use_allocation_guard: 0.
 - handle_deallocations: 1.


Internal statistics:

num_allocs_failed_limit: 0.
num_arena_births: 242.
num_arena_deaths: 0.
num_vsnodes_births: 2.
num_vsnodes_deaths: 0.
num_space_committed: 281.
num_space_uncommitted: 0.
num_chunks_returned_to_freelist: 0.
num_chunks_taken_from_freelist: 902.
num_chunk_merges: 0.
num_chunk_splits: 627.
num_chunks_enlarged: 490.
num_inconsistent_stats: 0.

CodeCache: size=49152Kb used=7206Kb max_used=7206Kb free=41945Kb
 bounds [0x000001cd9cb70000, 0x000001cd9d280000, 0x000001cd9fb70000]
 total_blobs=3303 nmethods=2826 adapters=401
 compilation: enabled
              stopped_count=0, restarted_count=0
 full_count=0

Compilation events (20 events):
Event: 1.792 Thread 0x000001cdf111ce60 nmethod 2814 0x000001cd9d274690 code [0x000001cd9d274840, 0x000001cd9d274978]
Event: 1.793 Thread 0x000001cdf1a7a1f0 nmethod 2816 0x000001cd9d274d10 code [0x000001cd9d274fe0, 0x000001cd9d275b58]
Event: 1.796 Thread 0x000001cdf1118880 2818       1       java.lang.invoke.MethodHandles$Lookup::resolveOrFail (48 bytes)
Event: 1.796 Thread 0x000001cdf1a7a1f0 2819       1       java.lang.invoke.MethodHandles$Lookup::checkMethodName (45 bytes)
Event: 1.796 Thread 0x000001cdf1a7a1f0 nmethod 2819 0x000001cd9d276390 code [0x000001cd9d276580, 0x000001cd9d2769a8]
Event: 1.796 Thread 0x000001cdf1118880 nmethod 2818 0x000001cd9d276b90 code [0x000001cd9d276d80, 0x000001cd9d277148]
Event: 1.798 Thread 0x000001cdf1118880 2820       1       java.util.LinkedHashSet::<init> (27 bytes)
Event: 1.798 Thread 0x000001cdf1118880 nmethod 2820 0x000001cd9d277390 code [0x000001cd9d277560, 0x000001cd9d277788]
Event: 1.799 Thread 0x000001cdf111ce60 2821       1       java.util.TreeMap::successor (66 bytes)
Event: 1.799 Thread 0x000001cdf1118880 2822       1       org.springframework.boot.autoconfigure.condition.ConditionEvaluationReport$$Lambda$404/0x000001cdad2635d8::accept (20 bytes)
Event: 1.799 Thread 0x000001cdf1a7a1f0 2823       1       org.springframework.boot.autoconfigure.condition.ConditionEvaluationReport::lambda$addNoMatchOutcomeToAncestors$1 (41 bytes)
Event: 1.799 Thread 0x000001cdf1118880 nmethod 2822 0x000001cd9d277890 code [0x000001cd9d277a20, 0x000001cd9d277b88]
Event: 1.799 Thread 0x000001cdf111ce60 nmethod 2821 0x000001cd9d277c90 code [0x000001cd9d277e40, 0x000001cd9d277fd8]
Event: 1.800 Thread 0x000001cdf1a7a1f0 nmethod 2823 0x000001cd9d278110 code [0x000001cd9d278320, 0x000001cd9d2788b8]
Event: 1.803 Thread 0x000001cdabd1e090 2824       1       org.springframework.boot.autoconfigure.condition.ConditionEvaluationReport$ConditionAndOutcome::getOutcome (5 bytes)
Event: 1.803 Thread 0x000001cdabd1e090 nmethod 2824 0x000001cd9d278b90 code [0x000001cd9d278d20, 0x000001cd9d278df8]
Event: 1.804 Thread 0x000001cdf1a7a1f0 2825       1       java.util.TreeMap::forEach (58 bytes)
Event: 1.804 Thread 0x000001cdf1a7a1f0 nmethod 2825 0x000001cd9d278e90 code [0x000001cd9d279060, 0x000001cd9d279358]
Event: 1.808 Thread 0x000001cdf111ce60 2826       1       java.util.ImmutableCollections$ListItr::hasNext (17 bytes)
Event: 1.808 Thread 0x000001cdf111ce60 nmethod 2826 0x000001cd9d279590 code [0x000001cd9d279720, 0x000001cd9d2797f8]

GC Heap History (6 events):
Event: 0.633 GC heap before
{Heap before GC invocations=0 (full 0):
 garbage-first heap   total 258048K, used 22528K [0x0000000704000000, 0x0000000800000000)
  region size 2048K, 11 young (22528K), 0 survivors (0K)
 Metaspace       used 4921K, committed 5056K, reserved 1114112K
  class space    used 659K, committed 704K, reserved 1048576K
}
Event: 0.637 GC heap after
{Heap after GC invocations=1 (full 0):
 garbage-first heap   total 258048K, used 6743K [0x0000000704000000, 0x0000000800000000)
  region size 2048K, 2 young (4096K), 2 survivors (4096K)
 Metaspace       used 4921K, committed 5056K, reserved 1114112K
  class space    used 659K, committed 704K, reserved 1048576K
}
Event: 0.986 GC heap before
{Heap before GC invocations=1 (full 0):
 garbage-first heap   total 258048K, used 27223K [0x0000000704000000, 0x0000000800000000)
  region size 2048K, 13 young (26624K), 2 survivors (4096K)
 Metaspace       used 9833K, committed 10112K, reserved 1114112K
  class space    used 1331K, committed 1472K, reserved 1048576K
}
Event: 0.990 GC heap after
{Heap after GC invocations=2 (full 0):
 garbage-first heap   total 258048K, used 9195K [0x0000000704000000, 0x0000000800000000)
  region size 2048K, 1 young (2048K), 1 survivors (2048K)
 Metaspace       used 9833K, committed 10112K, reserved 1114112K
  class space    used 1331K, committed 1472K, reserved 1048576K
}
Event: 1.625 GC heap before
{Heap before GC invocations=2 (full 0):
 garbage-first heap   total 258048K, used 56299K [0x0000000704000000, 0x0000000800000000)
  region size 2048K, 24 young (49152K), 1 survivors (2048K)
 Metaspace       used 16153K, committed 16384K, reserved 1114112K
  class space    used 2213K, committed 2304K, reserved 1048576K
}
Event: 1.630 GC heap after
{Heap after GC invocations=3 (full 0):
 garbage-first heap   total 258048K, used 12279K [0x0000000704000000, 0x0000000800000000)
  region size 2048K, 3 young (6144K), 3 survivors (6144K)
 Metaspace       used 16153K, committed 16384K, reserved 1114112K
  class space    used 2213K, committed 2304K, reserved 1048576K
}

Deoptimization events (4 events):
Event: 1.006 Thread 0x000001cd952cb0f0 DEOPT PACKING pc=0x000001cd9d0997f9 sp=0x0000002a4b5fd910
Event: 1.006 Thread 0x000001cd952cb0f0 DEOPT UNPACKING pc=0x000001cd9cbc66e3 sp=0x0000002a4b5fcdf0 mode 3
Event: 1.189 Thread 0x000001cd952cb0f0 DEOPT PACKING pc=0x000001cd9d106d55 sp=0x0000002a4b5fddc0
Event: 1.189 Thread 0x000001cd952cb0f0 DEOPT UNPACKING pc=0x000001cd9cbc66e3 sp=0x0000002a4b5fd268 mode 3

Classes unloaded (0 events):
No events

Classes redefined (0 events):
No events

Internal exceptions (20 events):
Event: 0.789 Thread 0x000001cd952cb0f0 Exception <a 'java/lang/NoSuchMethodError'{0x0000000713575770}: 'void java.lang.invoke.DirectMethodHandle$Holder.invokeVirtual(java.lang.Object, java.lang.Object, java.lang.Object, java.lang.Object)'> (0x0000000713575770) 
thrown [s\open\src\hotspot\share\interpreter\linkResolver.cpp, line 759]
Event: 0.817 Thread 0x000001cd952cb0f0 Exception <a 'java/lang/NoSuchMethodError'{0x00000007132e23b0}: 'void java.lang.invoke.DirectMethodHandle$Holder.invokeSpecial(java.lang.Object, java.lang.Object, java.lang.Object)'> (0x00000007132e23b0) 
thrown [s\open\src\hotspot\share\interpreter\linkResolver.cpp, line 759]
Event: 0.818 Thread 0x000001cd952cb0f0 Exception <a 'java/lang/NoSuchMethodError'{0x00000007132e8988}: 'void java.lang.invoke.DirectMethodHandle$Holder.invokeSpecial(java.lang.Object, java.lang.Object, java.lang.Object, java.lang.Object, java.lang.Object)'> (0x00000007132e8988) 
thrown [s\open\src\hotspot\share\interpreter\linkResolver.cpp, line 759]
Event: 0.845 Thread 0x000001cd952cb0f0 Exception <a 'java/lang/NoSuchMethodError'{0x00000007133d76e0}: 'void java.lang.invoke.DirectMethodHandle$Holder.invokeStatic(java.lang.Object, java.lang.Object, int)'> (0x00000007133d76e0) 
thrown [s\open\src\hotspot\share\interpreter\linkResolver.cpp, line 759]
Event: 0.856 Thread 0x000001cdf195a7b0 Exception <a 'java/lang/NoClassDefFoundError'{0x00000007130175d0}: jakarta/validation/Validation> (0x00000007130175d0) 
thrown [s\open\src\hotspot\share\classfile\systemDictionary.cpp, line 245]
Event: 0.857 Thread 0x000001cd952cb0f0 Exception <a 'java/lang/IncompatibleClassChangeError'{0x000000071302aa68}: Found class java.lang.Object, but interface was expected> (0x000000071302aa68) 
thrown [s\open\src\hotspot\share\interpreter\linkResolver.cpp, line 826]
Event: 1.117 Thread 0x000001cd952cb0f0 Exception <a 'sun/nio/fs/WindowsException'{0x0000000712eb2a60}> (0x0000000712eb2a60) 
thrown [s\open\src\hotspot\share\prims\jni.cpp, line 516]
Event: 1.117 Thread 0x000001cd952cb0f0 Exception <a 'java/lang/NoSuchMethodError'{0x0000000712eb43b0}: 'int java.lang.invoke.DirectMethodHandle$Holder.invokeSpecial(java.lang.Object, java.lang.Object, java.lang.Object, java.lang.Object, java.lang.Object)'> (0x0000000712eb43b0) 
thrown [s\open\src\hotspot\share\interpreter\linkResolver.cpp, line 759]
Event: 1.119 Thread 0x000001cd952cb0f0 Exception <a 'java/lang/NoSuchMethodError'{0x0000000712ebd180}: 'void java.lang.invoke.DirectMethodHandle$Holder.invokeVirtual(java.lang.Object, java.lang.Object)'> (0x0000000712ebd180) 
thrown [s\open\src\hotspot\share\interpreter\linkResolver.cpp, line 759]
Event: 1.149 Thread 0x000001cdf195a7b0 Exception <a 'java/lang/NoSuchMethodError'{0x0000000712a642d0}: 'long java.lang.invoke.DirectMethodHandle$Holder.invokeSpecial(java.lang.Object, java.lang.Object)'> (0x0000000712a642d0) 
thrown [s\open\src\hotspot\share\interpreter\linkResolver.cpp, line 759]
Event: 1.151 Thread 0x000001cdf195a7b0 Exception <a 'java/lang/NoSuchMethodError'{0x0000000712a6f4f8}: 'long java.lang.invoke.DirectMethodHandle$Holder.invokeStatic(java.lang.Object, java.lang.Object)'> (0x0000000712a6f4f8) 
thrown [s\open\src\hotspot\share\interpreter\linkResolver.cpp, line 759]
Event: 1.151 Thread 0x000001cdf195a7b0 Exception <a 'java/lang/NoSuchMethodError'{0x0000000712a72af8}: 'long java.lang.invoke.DirectMethodHandle$Holder.invokeStaticInit(java.lang.Object, java.lang.Object)'> (0x0000000712a72af8) 
thrown [s\open\src\hotspot\share\interpreter\linkResolver.cpp, line 759]
Event: 1.153 Thread 0x000001cdf195a7b0 Exception <a 'java/lang/NoSuchMethodError'{0x0000000712a806a0}: 'long java.lang.invoke.DirectMethodHandle$Holder.invokeInterface(java.lang.Object, java.lang.Object)'> (0x0000000712a806a0) 
thrown [s\open\src\hotspot\share\interpreter\linkResolver.cpp, line 759]
Event: 1.153 Thread 0x000001cdf195a7b0 Exception <a 'java/lang/IncompatibleClassChangeError'{0x0000000712a83c30}: Found class java.lang.Object, but interface was expected> (0x0000000712a83c30) 
thrown [s\open\src\hotspot\share\interpreter\linkResolver.cpp, line 826]
Event: 1.163 Thread 0x000001cdf195a7b0 Exception <a 'java/lang/NoSuchMethodError'{0x0000000712bbf488}: 'java.lang.Object java.lang.invoke.DirectMethodHandle$Holder.invokeVirtual(java.lang.Object, java.lang.Object, java.lang.Object, java.lang.Object)'> (0x0000000712bbf488) 
thrown [s\open\src\hotspot\share\interpreter\linkResolver.cpp, line 759]
Event: 1.304 Thread 0x000001cd952cb0f0 Exception <a 'java/lang/IncompatibleClassChangeError'{0x0000000711ff3b00}: Found class java.lang.Object, but interface was expected> (0x0000000711ff3b00) 
thrown [s\open\src\hotspot\share\interpreter\linkResolver.cpp, line 826]
Event: 1.777 Thread 0x000001cd952cb0f0 Exception <a 'java/lang/OutOfMemoryError'{0x000000071329d888}> (0x000000071329d888) 
thrown [s\open\src\hotspot\share\prims\jni.cpp, line 535]
Event: 1.787 Thread 0x000001cd952cb0f0 Exception <a 'java/lang/NoSuchMethodError'{0x00000007132f0990}: 'java.lang.Object java.lang.invoke.DirectMethodHandle$Holder.invokeStaticInit(java.lang.Object, int)'> (0x00000007132f0990) 
thrown [s\open\src\hotspot\share\interpreter\linkResolver.cpp, line 759]
Event: 1.792 Thread 0x000001cd952cb0f0 Exception <a 'java/lang/NoSuchMethodError'{0x00000007133b7500}: 'void java.lang.invoke.DirectMethodHandle$Holder.invokeInterface(java.lang.Object, java.lang.Object)'> (0x00000007133b7500) 
thrown [s\open\src\hotspot\share\interpreter\linkResolver.cpp, line 759]
Event: 1.818 Thread 0x000001cd952cb0f0 Exception <a 'java/lang/NoClassDefFoundError'{0x0000000713085328}: jakarta/validation/ValidationException> (0x0000000713085328) 
thrown [s\open\src\hotspot\share\classfile\systemDictionary.cpp, line 245]

VM Operations (20 events):
Event: 0.716 Executing VM operation: HandshakeAllThreads
Event: 0.716 Executing VM operation: HandshakeAllThreads done
Event: 0.815 Executing VM operation: HandshakeAllThreads
Event: 0.815 Executing VM operation: HandshakeAllThreads done
Event: 0.986 Executing VM operation: G1CollectForAllocation
Event: 0.990 Executing VM operation: G1CollectForAllocation done
Event: 1.069 Executing VM operation: HandshakeAllThreads
Event: 1.069 Executing VM operation: HandshakeAllThreads done
Event: 1.098 Executing VM operation: HandshakeAllThreads
Event: 1.098 Executing VM operation: HandshakeAllThreads done
Event: 1.106 Executing VM operation: HandshakeAllThreads
Event: 1.106 Executing VM operation: HandshakeAllThreads done
Event: 1.335 Executing VM operation: ICBufferFull
Event: 1.335 Executing VM operation: ICBufferFull done
Event: 1.625 Executing VM operation: G1CollectForAllocation
Event: 1.630 Executing VM operation: G1CollectForAllocation done
Event: 1.774 Executing VM operation: HandshakeAllThreads
Event: 1.774 Executing VM operation: HandshakeAllThreads done
Event: 1.775 Executing VM operation: HandshakeAllThreads
Event: 1.775 Executing VM operation: HandshakeAllThreads done

Events (20 events):
Event: 1.783 loading class sun/util/resources/OpenListResourceBundle
Event: 1.783 loading class sun/util/resources/OpenListResourceBundle done
Event: 1.783 loading class sun/util/resources/TimeZoneNamesBundle done
Event: 1.783 loading class sun/util/resources/cldr/TimeZoneNames done
Event: 1.783 loading class sun/util/resources/cldr/TimeZoneNames_en
Event: 1.784 loading class sun/util/resources/cldr/TimeZoneNames_en done
Event: 1.784 loading class sun/util/resources/cldr/TimeZoneNames_en_US
Event: 1.784 loading class sun/util/resources/cldr/TimeZoneNames_en_US done
Event: 1.785 loading class sun/util/cldr/CLDRBaseLocaleDataMetaInfo$TZCanonicalIDMapHolder
Event: 1.786 loading class sun/util/cldr/CLDRBaseLocaleDataMetaInfo$TZCanonicalIDMapHolder done
Event: 1.787 loading class sun/util/cldr/CLDRTimeZoneNameProviderImpl$AVAILABLE_IDS
Event: 1.787 loading class sun/util/cldr/CLDRTimeZoneNameProviderImpl$AVAILABLE_IDS done
Event: 1.787 loading class java/util/stream/SortedOps$SizedRefSortingSink
Event: 1.788 loading class java/util/stream/SortedOps$SizedRefSortingSink done
Event: 1.788 loading class sun/util/resources/TimeZoneNames
Event: 1.789 loading class sun/util/resources/TimeZoneNames done
Event: 1.789 loading class sun/util/resources/TimeZoneNames_en
Event: 1.789 loading class sun/util/resources/TimeZoneNames_en done
Event: 1.810 loading class java/io/StringWriter
Event: 1.810 loading class java/io/StringWriter done


Dynamic libraries:
0x00007ff6c72a0000 - 0x00007ff6c72b0000 	C:\Java\jdk-17\bin\java.exe
0x00007ffd30cb0000 - 0x00007ffd30ea8000 	C:\Windows\SYSTEM32\ntdll.dll
0x00007ffd2efc0000 - 0x00007ffd2f07d000 	C:\Windows\System32\KERNEL32.DLL
0x00007ffd2e610000 - 0x00007ffd2e906000 	C:\Windows\System32\KERNELBASE.dll
0x00007ffd2eab0000 - 0x00007ffd2ebb0000 	C:\Windows\System32\ucrtbase.dll
0x00007ffcc8890000 - 0x00007ffcc88ab000 	C:\Java\jdk-17\bin\VCRUNTIME140.dll
0x00007ffcc88e0000 - 0x00007ffcc88f9000 	C:\Java\jdk-17\bin\jli.dll
0x00007ffd2f090000 - 0x00007ffd2f13f000 	C:\Windows\System32\ADVAPI32.dll
0x00007ffd2f140000 - 0x00007ffd2f1de000 	C:\Windows\System32\msvcrt.dll
0x00007ffd2ed10000 - 0x00007ffd2edac000 	C:\Windows\System32\sechost.dll
0x00007ffd2f240000 - 0x00007ffd2f366000 	C:\Windows\System32\RPCRT4.dll
0x00007ffd30010000 - 0x00007ffd301ae000 	C:\Windows\System32\USER32.dll
0x00007ffd2ea80000 - 0x00007ffd2eaa2000 	C:\Windows\System32\win32u.dll
0x00007ffd1b2b0000 - 0x00007ffd1b54a000 	C:\Windows\WinSxS\amd64_microsoft.windows.common-controls_6595b64144ccf1df_6.0.19041.3636_none_60b6a03d71f818d5\COMCTL32.dll
0x00007ffd30ac0000 - 0x00007ffd30aec000 	C:\Windows\System32\GDI32.dll
0x00007ffd2e390000 - 0x00007ffd2e4aa000 	C:\Windows\System32\gdi32full.dll
0x00007ffd2ec40000 - 0x00007ffd2ecdd000 	C:\Windows\System32\msvcp_win.dll
0x00007ffd26940000 - 0x00007ffd2694a000 	C:\Windows\SYSTEM32\VERSION.dll
0x00007ffd301b0000 - 0x00007ffd301e0000 	C:\Windows\System32\IMM32.DLL
0x00007ffcf93d0000 - 0x00007ffcf93dc000 	C:\Java\jdk-17\bin\vcruntime140_1.dll
0x00007ffcc8440000 - 0x00007ffcc84ce000 	C:\Java\jdk-17\bin\msvcp140.dll
0x00007ffc89230000 - 0x00007ffc89e11000 	C:\Java\jdk-17\bin\server\jvm.dll
0x00007ffd2f080000 - 0x00007ffd2f088000 	C:\Windows\System32\PSAPI.DLL
0x00007ffd28000000 - 0x00007ffd28009000 	C:\Windows\SYSTEM32\WSOCK32.dll
0x00007ffd1adf0000 - 0x00007ffd1ae17000 	C:\Windows\SYSTEM32\WINMM.dll
0x00007ffd301e0000 - 0x00007ffd3024b000 	C:\Windows\System32\WS2_32.dll
0x00007ffd2cba0000 - 0x00007ffd2cbb2000 	C:\Windows\SYSTEM32\kernel.appcore.dll
0x00007ffcf63f0000 - 0x00007ffcf63fa000 	C:\Java\jdk-17\bin\jimage.dll
0x00007ffd2c100000 - 0x00007ffd2c2e4000 	C:\Windows\SYSTEM32\DBGHELP.DLL
0x00007ffd1a970000 - 0x00007ffd1a9a4000 	C:\Windows\SYSTEM32\dbgcore.DLL
0x00007ffd2ebb0000 - 0x00007ffd2ec32000 	C:\Windows\System32\bcryptPrimitives.dll
0x00007ffcc8620000 - 0x00007ffcc8645000 	C:\Java\jdk-17\bin\java.dll
0x00007ffcc8930000 - 0x00007ffcc8a07000 	C:\Java\jdk-17\bin\jsvml.dll
0x00007ffd2f840000 - 0x00007ffd2ff85000 	C:\Windows\System32\SHELL32.dll
0x00007ffd2c3f0000 - 0x00007ffd2cb8b000 	C:\Windows\SYSTEM32\windows.storage.dll
0x00007ffd30760000 - 0x00007ffd30ab4000 	C:\Windows\System32\combase.dll
0x00007ffd2dc20000 - 0x00007ffd2dc4d000 	C:\Windows\SYSTEM32\Wldp.dll
0x00007ffd30460000 - 0x00007ffd3050d000 	C:\Windows\System32\SHCORE.dll
0x00007ffd2f1e0000 - 0x00007ffd2f235000 	C:\Windows\System32\shlwapi.dll
0x00007ffd2e2c0000 - 0x00007ffd2e2e5000 	C:\Windows\SYSTEM32\profapi.dll
0x00007ffd07d40000 - 0x00007ffd07d59000 	C:\Java\jdk-17\bin\net.dll
0x00007ffd255b0000 - 0x00007ffd256ba000 	C:\Windows\SYSTEM32\WINHTTP.dll
0x00007ffd2da00000 - 0x00007ffd2da6a000 	C:\Windows\system32\mswsock.dll
0x00007ffce11b0000 - 0x00007ffce11c6000 	C:\Java\jdk-17\bin\nio.dll
0x00007ffce1190000 - 0x00007ffce11a8000 	C:\Java\jdk-17\bin\zip.dll

dbghelp: loaded successfully - version: 4.0.5 - missing functions: none
symbol engine: initialized successfully - sym options: 0x614 - pdb path: .;C:\Java\jdk-17\bin;C:\Windows\SYSTEM32;C:\Windows\WinSxS\amd64_microsoft.windows.common-controls_6595b64144ccf1df_6.0.19041.3636_none_60b6a03d71f818d5;C:\Java\jdk-17\bin\server

VM Arguments:
jvm_args: -XX:TieredStopAtLevel=1 
java_command: uit.ensak.dishwishbackend.DishWishBackendApplication
java_class_path (initial): C:\Users\Nash\Desktop\Dishwish\dish-wish-backend\target\classes;C:\Users\Nash\.m2\repository\com\zaxxer\HikariCP\5.0.1\HikariCP-5.0.1.jar;C:\Users\Nash\.m2\repository\org\springframework\spring-jdbc\6.0.13\spring-jdbc-6.0.13.jar;C:\Users\Nash\.m2\repository\org\springframework\data\spring-data-jdbc\3.1.5\spring-data-jdbc-3.1.5.jar;C:\Users\Nash\.m2\repository\org\springframework\data\spring-data-relational\3.1.5\spring-data-relational-3.1.5.jar;C:\Users\Nash\.m2\repository\org\springframework\data\spring-data-commons\3.1.5\spring-data-commons-3.1.5.jar;C:\Users\Nash\.m2\repository\org\springframework\spring-tx\6.0.13\spring-tx-6.0.13.jar;C:\Users\Nash\.m2\repository\org\springframework\spring-context\6.0.13\spring-context-6.0.13.jar;C:\Users\Nash\.m2\repository\org\springframework\spring-beans\6.0.13\spring-beans-6.0.13.jar;C:\Users\Nash\.m2\repository\org\slf4j\slf4j-api\2.0.9\slf4j-api-2.0.9.jar;C:\Users\Nash\.m2\repository\org\aspectj\aspectjweaver\1.9.20\aspectjweaver-1.9.20.jar;C:\Users\Nash\.m2\repository\org\hibernate\orm\hibernate-core\6.2.13.Final\hibernate-core-6.2.13.Final.jar;C:\Users\Nash\.m2\repository\jakarta\persistence\jakarta.persistence-api\3.1.0\jakarta.persistence-api-3.1.0.jar;C:\Users\Nash\.m2\repository\jakarta\transaction\jakarta.transaction-api\2.0.1\jakarta.transaction-api-2.0.1.jar;C:\Users\Nash\.m2\repository\org\jboss\logging\jboss-logging\3.5.3.Final\jboss-logging-3.5.3.Final.jar;C:\Users\Nash\.m2\repository\org\hibernate\common\hibernate-commons-annotations\6.0.6.Final\hibernate-commons-annotations-6.0.6.Final.jar;C:\Users\Nash\.m2\repository\io\smallrye\jandex\3.0.5\jandex-3.0.5.jar;C:\Users\Nash\.m2\repository\com\fasterxml\classmate\1.5.1\classmate-1.5.1.jar;C:\Users\Nash\.m2\repository\org\glassfish\jaxb\jaxb-runtime\4.0.3\jaxb-runtime-4.0.3.jar;C:\Users\Nash\.m2\repository\org\glassfish\jaxb\jaxb-core\4.0.3\jaxb-core-4.0.3.jar;C:\Users\Nash\.m2\repository\org\glassfish\jaxb\txw2\4.0.3\txw2-4.0.3.jar;C
Launcher Type: SUN_STANDARD

[Global flags]
     intx CICompilerCount                          = 4                                         {product} {ergonomic}
     uint ConcGCThreads                            = 2                                         {product} {ergonomic}
     uint G1ConcRefinementThreads                  = 8                                         {product} {ergonomic}
   size_t G1HeapRegionSize                         = 2097152                                   {product} {ergonomic}
    uintx GCDrainStackTargetSize                   = 64                                        {product} {ergonomic}
   size_t InitialHeapSize                          = 264241152                                 {product} {ergonomic}
   size_t MarkStackSize                            = 4194304                                   {product} {ergonomic}
   size_t MaxHeapSize                              = 4227858432                                {product} {ergonomic}
   size_t MaxNewSize                               = 2535456768                                {product} {ergonomic}
   size_t MinHeapDeltaBytes                        = 2097152                                   {product} {ergonomic}
   size_t MinHeapSize                              = 8388608                                   {product} {ergonomic}
    uintx NonProfiledCodeHeapSize                  = 0                                      {pd product} {ergonomic}
     bool ProfileInterpreter                       = false                                  {pd product} {command line}
    uintx ProfiledCodeHeapSize                     = 0                                      {pd product} {ergonomic}
   size_t SoftMaxHeapSize                          = 4227858432                             {manageable} {ergonomic}
     intx TieredStopAtLevel                        = 1                                         {product} {command line}
     bool UseCompressedClassPointers               = true                           {product lp64_product} {ergonomic}
     bool UseCompressedOops                        = true                           {product lp64_product} {ergonomic}
     bool UseG1GC                                  = true                                      {product} {ergonomic}
     bool UseLargePagesIndividualAllocation        = false                                  {pd product} {ergonomic}

Logging:
Log output configuration:
 #0: stdout all=warning uptime,level,tags
 #1: stderr all=off uptime,level,tags

Environment Variables:
JAVA_HOME=C:/Java/jdk-17
PATH=C:\Program Files\Git\mingw64\bin;C:\Program Files\Git\usr\bin;C:\Users\Nash\bin;C:\Python312\Scripts;C:\Python312;C:\Program Files\Common Files\Oracle\Java\javapath;C:\Program Files (x86)\Common Files\Oracle\Java\javapath;C:\Ruby32-x64\bin;C:\Windows\system32;C:\Windows;C:\Windows\System32\Wbem;C:\Windows\System32\WindowsPowerShell\v1.0;C:\Windows\System32\OpenSSH;C:\Java\jdk-17\bin;C:\Program Files\Microsoft SQL Server\150\Tools\Binn;C:\Program Files\Microsoft SQL Server\Client SDK\ODBC\170\Tools\Binn;C:\Program Files\dotnet;C:\sqlite;C:\Program Files\Microsoft VS Code\bin;C:\Program Files\Git\cmd;C:\Program Files\Docker\Docker\resources\bin;C:\Users\Nash\AppData\Roaming\nvm;C:\Program Files\nodejs;C:\apache-maven-3.9.6\bin;C:\Users\Nash\AppData\Local\Programs\Python\Python311\Scripts;C:\Users\Nash\AppData\Local\Programs\Python\Python311;C:\Users\Nash\AppData\Local\Programs\WingetUI\choco-cli\bin;C:\Users\Nash\AppData\Local\Microsoft\WindowsApps;C:\Users\Nash\.dotnet\tools;C:\Program Files\JetBrains\IntelliJ IDEA 2023.2.2\bin;C:\Program Files\mongosh;C:\Users\Nash\AppData\Roaming\npm;C:\Users\Nash\.dotnet\tools;C:\Program Files\JetBrains\IntelliJ IDEA Community Edition 2023.2.4\bin;C:\Users\Nash\AppData\Roaming\nvm;C:\Program Files\nodejs;C:\apache-maven-3.9.6\bin
USERNAME=Nash
OS=Windows_NT
PROCESSOR_IDENTIFIER=Intel64 Family 6 Model 126 Stepping 5, GenuineIntel



---------------  S Y S T E M  ---------------

OS:
 Windows 10 , 64 bit Build 19041 (10.0.19041.3636)
OS uptime: 0 days 5:51 hours
Hyper-V role detected

CPU: total 8 (initial active 8) (4 cores per cpu, 2 threads per core) family 6 model 126 stepping 5 microcode 0xb8, cx8, cmov, fxsr, ht, mmx, 3dnowpref, sse, sse2, sse3, ssse3, sse4.1, sse4.2, popcnt, lzcnt, tsc, tscinvbit, avx, avx2, aes, erms, clmul, bmi1, bmi2, adx, avx512f, avx512dq, avx512cd, avx512bw, avx512vl, sha, fma, vzeroupper, avx512_vpopcntdq, avx512_vpclmulqdq, avx512_vaes, avx512_vnni, clflush, clflushopt, avx512_vbmi2, avx512_vbmi, hv

Memory: 4k page, system-wide physical 16121M (1154M free)
TotalPageFile size 19032M (AvailPageFile size 2M)
current process WorkingSet (physical memory assigned to process): 127M, peak: 127M
current process commit charge ("private bytes"): 371M, peak: 371M

vm_info: Java HotSpot(TM) 64-Bit Server VM (17.0.9+11-LTS-201) for windows-amd64 JRE (17.0.9+11-LTS-201), built on Oct 10 2023 23:16:06 by "mach5one" with MS VC++ 17.1 (VS2022)

END.
